::1 - - [09/May/2021:22:27:30 +0000] "GET / HTTP/1.1" 404 139 "-" "Mozilla/5.0 (Windows NT 6.3; Win64; x64) AppleWebKit/537.36 (KHTML, like Gecko) Chrome/90.0.4430.93 Safari/537.36"
::1 - - [09/May/2021:22:31:57 +0000] "GET / HTTP/1.1" 404 139 "-" "Mozilla/5.0 (Windows NT 6.3; Win64; x64) AppleWebKit/537.36 (KHTML, like Gecko) Chrome/90.0.4430.93 Safari/537.36"
::1 - - [09/May/2021:23:11:01 +0000] "GET / HTTP/1.1" 404 139 "-" "Mozilla/5.0 (Windows NT 6.3; Win64; x64) AppleWebKit/537.36 (KHTML, like Gecko) Chrome/90.0.4430.93 Safari/537.36"
::1 - - [09/May/2021:23:11:13 +0000] "GET /api-docs HTTP/1.1" 301 183 "-" "Mozilla/5.0 (Windows NT 6.3; Win64; x64) AppleWebKit/537.36 (KHTML, like Gecko) Chrome/90.0.4430.93 Safari/537.36"
::1 - - [09/May/2021:23:11:13 +0000] "GET /api-docs/ HTTP/1.1" 200 3104 "-" "Mozilla/5.0 (Windows NT 6.3; Win64; x64) AppleWebKit/537.36 (KHTML, like Gecko) Chrome/90.0.4430.93 Safari/537.36"
::1 - - [09/May/2021:23:11:13 +0000] "GET /api-docs/swagger-ui-init.js HTTP/1.1" 200 3052 "http://localhost:3000/api-docs/" "Mozilla/5.0 (Windows NT 6.3; Win64; x64) AppleWebKit/537.36 (KHTML, like Gecko) Chrome/90.0.4430.93 Safari/537.36"
::1 - - [09/May/2021:23:11:13 +0000] "GET /api-docs/swagger-ui-bundle.js HTTP/1.1" 200 1098835 "http://localhost:3000/api-docs/" "Mozilla/5.0 (Windows NT 6.3; Win64; x64) AppleWebKit/537.36 (KHTML, like Gecko) Chrome/90.0.4430.93 Safari/537.36"
::1 - - [09/May/2021:23:11:13 +0000] "GET /api-docs/swagger-ui.css HTTP/1.1" 200 143410 "http://localhost:3000/api-docs/" "Mozilla/5.0 (Windows NT 6.3; Win64; x64) AppleWebKit/537.36 (KHTML, like Gecko) Chrome/90.0.4430.93 Safari/537.36"
::1 - - [09/May/2021:23:11:13 +0000] "GET /api-docs/swagger-ui-standalone-preset.js HTTP/1.1" 200 336487 "http://localhost:3000/api-docs/" "Mozilla/5.0 (Windows NT 6.3; Win64; x64) AppleWebKit/537.36 (KHTML, like Gecko) Chrome/90.0.4430.93 Safari/537.36"
::1 - - [09/May/2021:23:11:14 +0000] "GET /api-docs/favicon-32x32.png HTTP/1.1" 200 628 "http://localhost:3000/api-docs/" "Mozilla/5.0 (Windows NT 6.3; Win64; x64) AppleWebKit/537.36 (KHTML, like Gecko) Chrome/90.0.4430.93 Safari/537.36"
::1 - - [09/May/2021:23:11:25 +0000] "GET /api/getAllData HTTP/1.1" 200 2 "http://localhost:3000/api-docs/" "Mozilla/5.0 (Windows NT 6.3; Win64; x64) AppleWebKit/537.36 (KHTML, like Gecko) Chrome/90.0.4430.93 Safari/537.36"
::1 - - [09/May/2021:23:11:54 +0000] "POST /api/addNewData HTTP/1.1" 200 48 "http://localhost:3000/api-docs/" "Mozilla/5.0 (Windows NT 6.3; Win64; x64) AppleWebKit/537.36 (KHTML, like Gecko) Chrome/90.0.4430.93 Safari/537.36"
::1 - - [09/May/2021:23:12:09 +0000] "GET /api/getAllData HTTP/1.1" 200 60 "http://localhost:3000/api-docs/" "Mozilla/5.0 (Windows NT 6.3; Win64; x64) AppleWebKit/537.36 (KHTML, like Gecko) Chrome/90.0.4430.93 Safari/537.36"
::ffff:127.0.0.1 - - [14/May/2021:15:51:38 +0000] "GET /api-docs HTTP/1.1" 301 183 "-" "Mozilla/5.0 (Windows NT 6.3; Win64; x64) AppleWebKit/537.36 (KHTML, like Gecko) Chrome/90.0.4430.212 Safari/537.36"
::ffff:127.0.0.1 - - [14/May/2021:15:51:38 +0000] "GET /api-docs/ HTTP/1.1" 200 3104 "-" "Mozilla/5.0 (Windows NT 6.3; Win64; x64) AppleWebKit/537.36 (KHTML, like Gecko) Chrome/90.0.4430.212 Safari/537.36"
::1 - - [14/May/2021:15:51:39 +0000] "GET /api-docs/swagger-ui-init.js HTTP/1.1" 200 3052 "http://localhost:3000/api-docs/" "Mozilla/5.0 (Windows NT 6.3; Win64; x64) AppleWebKit/537.36 (KHTML, like Gecko) Chrome/90.0.4430.212 Safari/537.36"
::ffff:127.0.0.1 - - [14/May/2021:15:51:39 +0000] "GET /api-docs/swagger-ui.css HTTP/1.1" 200 143410 "http://localhost:3000/api-docs/" "Mozilla/5.0 (Windows NT 6.3; Win64; x64) AppleWebKit/537.36 (KHTML, like Gecko) Chrome/90.0.4430.212 Safari/537.36"
::ffff:127.0.0.1 - - [14/May/2021:15:51:39 +0000] "GET /api-docs/swagger-ui-standalone-preset.js HTTP/1.1" 200 336487 "http://localhost:3000/api-docs/" "Mozilla/5.0 (Windows NT 6.3; Win64; x64) AppleWebKit/537.36 (KHTML, like Gecko) Chrome/90.0.4430.212 Safari/537.36"
::ffff:127.0.0.1 - - [14/May/2021:15:51:39 +0000] "GET /api-docs/swagger-ui-bundle.js HTTP/1.1" 200 1098835 "http://localhost:3000/api-docs/" "Mozilla/5.0 (Windows NT 6.3; Win64; x64) AppleWebKit/537.36 (KHTML, like Gecko) Chrome/90.0.4430.212 Safari/537.36"
::1 - - [14/May/2021:15:52:06 +0000] "GET /api/getAllData HTTP/1.1" 200 60 "http://localhost:3000/api-docs/" "Mozilla/5.0 (Windows NT 6.3; Win64; x64) AppleWebKit/537.36 (KHTML, like Gecko) Chrome/90.0.4430.212 Safari/537.36"
::1 - - [16/May/2021:21:51:50 +0000] "GET /api-docs HTTP/1.1" 301 183 "-" "Mozilla/5.0 (Windows NT 10.0; Win64; x64) AppleWebKit/537.36 (KHTML, like Gecko) Chrome/90.0.4430.212 Safari/537.36"
::1 - - [16/May/2021:21:51:50 +0000] "GET /api-docs/ HTTP/1.1" 200 3104 "-" "Mozilla/5.0 (Windows NT 10.0; Win64; x64) AppleWebKit/537.36 (KHTML, like Gecko) Chrome/90.0.4430.212 Safari/537.36"
::1 - - [16/May/2021:21:51:50 +0000] "GET /api-docs/swagger-ui-init.js HTTP/1.1" 200 3052 "http://localhost:3000/api-docs/" "Mozilla/5.0 (Windows NT 10.0; Win64; x64) AppleWebKit/537.36 (KHTML, like Gecko) Chrome/90.0.4430.212 Safari/537.36"
::1 - - [16/May/2021:21:51:51 +0000] "GET /api-docs/swagger-ui-bundle.js HTTP/1.1" 200 1098835 "http://localhost:3000/api-docs/" "Mozilla/5.0 (Windows NT 10.0; Win64; x64) AppleWebKit/537.36 (KHTML, like Gecko) Chrome/90.0.4430.212 Safari/537.36"
::1 - - [16/May/2021:21:51:51 +0000] "GET /api-docs/swagger-ui.css HTTP/1.1" 200 143410 "http://localhost:3000/api-docs/" "Mozilla/5.0 (Windows NT 10.0; Win64; x64) AppleWebKit/537.36 (KHTML, like Gecko) Chrome/90.0.4430.212 Safari/537.36"
::1 - - [16/May/2021:21:51:51 +0000] "GET /api-docs/swagger-ui-standalone-preset.js HTTP/1.1" 200 336487 "http://localhost:3000/api-docs/" "Mozilla/5.0 (Windows NT 10.0; Win64; x64) AppleWebKit/537.36 (KHTML, like Gecko) Chrome/90.0.4430.212 Safari/537.36"
::1 - - [16/May/2021:21:52:05 +0000] "GET /api-docs/ HTTP/1.1" 304 - "-" "Mozilla/5.0 (Windows NT 10.0; Win64; x64) AppleWebKit/537.36 (KHTML, like Gecko) Chrome/90.0.4430.212 Safari/537.36"
::1 - - [16/May/2021:21:52:05 +0000] "GET /api-docs/swagger-ui.css HTTP/1.1" 304 - "http://localhost:3000/api-docs/" "Mozilla/5.0 (Windows NT 10.0; Win64; x64) AppleWebKit/537.36 (KHTML, like Gecko) Chrome/90.0.4430.212 Safari/537.36"
::1 - - [16/May/2021:21:52:05 +0000] "GET /api-docs/swagger-ui-init.js HTTP/1.1" 304 - "http://localhost:3000/api-docs/" "Mozilla/5.0 (Windows NT 10.0; Win64; x64) AppleWebKit/537.36 (KHTML, like Gecko) Chrome/90.0.4430.212 Safari/537.36"
::1 - - [16/May/2021:21:52:05 +0000] "GET /api-docs/swagger-ui-bundle.js HTTP/1.1" 304 - "http://localhost:3000/api-docs/" "Mozilla/5.0 (Windows NT 10.0; Win64; x64) AppleWebKit/537.36 (KHTML, like Gecko) Chrome/90.0.4430.212 Safari/537.36"
::1 - - [16/May/2021:21:52:05 +0000] "GET /api-docs/swagger-ui-standalone-preset.js HTTP/1.1" 304 - "http://localhost:3000/api-docs/" "Mozilla/5.0 (Windows NT 10.0; Win64; x64) AppleWebKit/537.36 (KHTML, like Gecko) Chrome/90.0.4430.212 Safari/537.36"
::1 - - [16/May/2021:21:52:05 +0000] "GET /api-docs/favicon-32x32.png HTTP/1.1" 200 628 "http://localhost:3000/api-docs/" "Mozilla/5.0 (Windows NT 10.0; Win64; x64) AppleWebKit/537.36 (KHTML, like Gecko) Chrome/90.0.4430.212 Safari/537.36"
::1 - - [16/May/2021:21:52:20 +0000] "GET /api-docs/ HTTP/1.1" 304 - "-" "Mozilla/5.0 (Windows NT 10.0; Win64; x64) AppleWebKit/537.36 (KHTML, like Gecko) Chrome/90.0.4430.212 Safari/537.36"
::1 - - [16/May/2021:21:52:20 +0000] "GET /api-docs/swagger-ui.css HTTP/1.1" 304 - "http://localhost:3000/api-docs/" "Mozilla/5.0 (Windows NT 10.0; Win64; x64) AppleWebKit/537.36 (KHTML, like Gecko) Chrome/90.0.4430.212 Safari/537.36"
::1 - - [16/May/2021:21:52:20 +0000] "GET /api-docs/swagger-ui-init.js HTTP/1.1" 200 3048 "http://localhost:3000/api-docs/" "Mozilla/5.0 (Windows NT 10.0; Win64; x64) AppleWebKit/537.36 (KHTML, like Gecko) Chrome/90.0.4430.212 Safari/537.36"
::1 - - [16/May/2021:21:52:20 +0000] "GET /api-docs/swagger-ui-bundle.js HTTP/1.1" 304 - "http://localhost:3000/api-docs/" "Mozilla/5.0 (Windows NT 10.0; Win64; x64) AppleWebKit/537.36 (KHTML, like Gecko) Chrome/90.0.4430.212 Safari/537.36"
::1 - - [16/May/2021:21:52:20 +0000] "GET /api-docs/swagger-ui-standalone-preset.js HTTP/1.1" 304 - "http://localhost:3000/api-docs/" "Mozilla/5.0 (Windows NT 10.0; Win64; x64) AppleWebKit/537.36 (KHTML, like Gecko) Chrome/90.0.4430.212 Safari/537.36"
::1 - - [16/May/2021:21:52:21 +0000] "GET /api-docs/favicon-32x32.png HTTP/1.1" 200 628 "http://localhost:3000/api-docs/" "Mozilla/5.0 (Windows NT 10.0; Win64; x64) AppleWebKit/537.36 (KHTML, like Gecko) Chrome/90.0.4430.212 Safari/537.36"
::1 - - [16/May/2021:21:57:25 +0000] "GET /api-docs/ HTTP/1.1" 304 - "-" "Mozilla/5.0 (Windows NT 10.0; Win64; x64) AppleWebKit/537.36 (KHTML, like Gecko) Chrome/90.0.4430.212 Safari/537.36"
::1 - - [16/May/2021:21:57:25 +0000] "GET /api-docs/swagger-ui.css HTTP/1.1" 304 - "http://localhost:3000/api-docs/" "Mozilla/5.0 (Windows NT 10.0; Win64; x64) AppleWebKit/537.36 (KHTML, like Gecko) Chrome/90.0.4430.212 Safari/537.36"
::1 - - [16/May/2021:21:57:25 +0000] "GET /api-docs/swagger-ui-bundle.js HTTP/1.1" 304 - "http://localhost:3000/api-docs/" "Mozilla/5.0 (Windows NT 10.0; Win64; x64) AppleWebKit/537.36 (KHTML, like Gecko) Chrome/90.0.4430.212 Safari/537.36"
::1 - - [16/May/2021:21:57:25 +0000] "GET /api-docs/swagger-ui-init.js HTTP/1.1" 304 - "http://localhost:3000/api-docs/" "Mozilla/5.0 (Windows NT 10.0; Win64; x64) AppleWebKit/537.36 (KHTML, like Gecko) Chrome/90.0.4430.212 Safari/537.36"
::1 - - [16/May/2021:21:57:25 +0000] "GET /api-docs/swagger-ui-standalone-preset.js HTTP/1.1" 304 - "http://localhost:3000/api-docs/" "Mozilla/5.0 (Windows NT 10.0; Win64; x64) AppleWebKit/537.36 (KHTML, like Gecko) Chrome/90.0.4430.212 Safari/537.36"
::1 - - [16/May/2021:21:57:26 +0000] "GET /api-docs/favicon-32x32.png HTTP/1.1" 304 - "http://localhost:3000/api-docs/" "Mozilla/5.0 (Windows NT 10.0; Win64; x64) AppleWebKit/537.36 (KHTML, like Gecko) Chrome/90.0.4430.212 Safari/537.36"
::1 - - [16/May/2021:22:03:47 +0000] "GET /api-docs/ HTTP/1.1" 304 - "-" "Mozilla/5.0 (Windows NT 10.0; Win64; x64) AppleWebKit/537.36 (KHTML, like Gecko) Chrome/90.0.4430.212 Safari/537.36"
::1 - - [16/May/2021:22:03:47 +0000] "GET /api-docs/swagger-ui.css HTTP/1.1" 304 - "http://localhost:3000/api-docs/" "Mozilla/5.0 (Windows NT 10.0; Win64; x64) AppleWebKit/537.36 (KHTML, like Gecko) Chrome/90.0.4430.212 Safari/537.36"
::1 - - [16/May/2021:22:03:47 +0000] "GET /api-docs/swagger-ui-bundle.js HTTP/1.1" 304 - "http://localhost:3000/api-docs/" "Mozilla/5.0 (Windows NT 10.0; Win64; x64) AppleWebKit/537.36 (KHTML, like Gecko) Chrome/90.0.4430.212 Safari/537.36"
::1 - - [16/May/2021:22:03:47 +0000] "GET /api-docs/swagger-ui-standalone-preset.js HTTP/1.1" 304 - "http://localhost:3000/api-docs/" "Mozilla/5.0 (Windows NT 10.0; Win64; x64) AppleWebKit/537.36 (KHTML, like Gecko) Chrome/90.0.4430.212 Safari/537.36"
::1 - - [16/May/2021:22:03:47 +0000] "GET /api-docs/swagger-ui-init.js HTTP/1.1" 304 - "http://localhost:3000/api-docs/" "Mozilla/5.0 (Windows NT 10.0; Win64; x64) AppleWebKit/537.36 (KHTML, like Gecko) Chrome/90.0.4430.212 Safari/537.36"
::1 - - [16/May/2021:22:03:47 +0000] "GET /api-docs/swagger-ui.css.map HTTP/1.1" 200 282424 "-" "Mozilla/5.0 (Windows NT 10.0; Win64; x64) AppleWebKit/537.36 (KHTML, like Gecko) Chrome/90.0.4430.212 Safari/537.36"
::1 - - [16/May/2021:22:03:48 +0000] "GET /api-docs/swagger-ui-standalone-preset.js.map HTTP/1.1" 200 1529727 "-" "Mozilla/5.0 (Windows NT 10.0; Win64; x64) AppleWebKit/537.36 (KHTML, like Gecko) Chrome/90.0.4430.212 Safari/537.36"
::1 - - [16/May/2021:22:03:48 +0000] "GET /api-docs/swagger-ui-bundle.js.map HTTP/1.1" 200 4798415 "-" "Mozilla/5.0 (Windows NT 10.0; Win64; x64) AppleWebKit/537.36 (KHTML, like Gecko) Chrome/90.0.4430.212 Safari/537.36"
::1 - - [16/May/2021:22:03:48 +0000] "GET /api-docs/favicon-32x32.png HTTP/1.1" 304 - "http://localhost:3000/api-docs/" "Mozilla/5.0 (Windows NT 10.0; Win64; x64) AppleWebKit/537.36 (KHTML, like Gecko) Chrome/90.0.4430.212 Safari/537.36"
::1 - - [16/May/2021:22:04:01 +0000] "GET /api-docs/ HTTP/1.1" 304 - "-" "Mozilla/5.0 (Windows NT 10.0; Win64; x64) AppleWebKit/537.36 (KHTML, like Gecko) Chrome/90.0.4430.212 Safari/537.36"
::1 - - [16/May/2021:22:04:01 +0000] "GET /api-docs/swagger-ui.css HTTP/1.1" 304 - "http://localhost:3000/api-docs/" "Mozilla/5.0 (Windows NT 10.0; Win64; x64) AppleWebKit/537.36 (KHTML, like Gecko) Chrome/90.0.4430.212 Safari/537.36"
::1 - - [16/May/2021:22:04:01 +0000] "GET /api-docs/swagger-ui-bundle.js HTTP/1.1" 304 - "http://localhost:3000/api-docs/" "Mozilla/5.0 (Windows NT 10.0; Win64; x64) AppleWebKit/537.36 (KHTML, like Gecko) Chrome/90.0.4430.212 Safari/537.36"
::1 - - [16/May/2021:22:04:01 +0000] "GET /api-docs/swagger-ui-init.js HTTP/1.1" 304 - "http://localhost:3000/api-docs/" "Mozilla/5.0 (Windows NT 10.0; Win64; x64) AppleWebKit/537.36 (KHTML, like Gecko) Chrome/90.0.4430.212 Safari/537.36"
::1 - - [16/May/2021:22:04:01 +0000] "GET /api-docs/swagger-ui-standalone-preset.js HTTP/1.1" 304 - "http://localhost:3000/api-docs/" "Mozilla/5.0 (Windows NT 10.0; Win64; x64) AppleWebKit/537.36 (KHTML, like Gecko) Chrome/90.0.4430.212 Safari/537.36"
::1 - - [16/May/2021:22:04:01 +0000] "GET /api-docs/swagger-ui.css.map HTTP/1.1" 200 282424 "-" "Mozilla/5.0 (Windows NT 10.0; Win64; x64) AppleWebKit/537.36 (KHTML, like Gecko) Chrome/90.0.4430.212 Safari/537.36"
::1 - - [16/May/2021:22:04:02 +0000] "GET /api-docs/swagger-ui-standalone-preset.js.map HTTP/1.1" 200 1529727 "-" "Mozilla/5.0 (Windows NT 10.0; Win64; x64) AppleWebKit/537.36 (KHTML, like Gecko) Chrome/90.0.4430.212 Safari/537.36"
::1 - - [16/May/2021:22:04:02 +0000] "GET /api-docs/swagger-ui-bundle.js.map HTTP/1.1" 200 4798415 "-" "Mozilla/5.0 (Windows NT 10.0; Win64; x64) AppleWebKit/537.36 (KHTML, like Gecko) Chrome/90.0.4430.212 Safari/537.36"
::1 - - [16/May/2021:22:04:02 +0000] "GET /api-docs/favicon-32x32.png HTTP/1.1" 304 - "http://localhost:3000/api-docs/" "Mozilla/5.0 (Windows NT 10.0; Win64; x64) AppleWebKit/537.36 (KHTML, like Gecko) Chrome/90.0.4430.212 Safari/537.36"
::1 - - [16/May/2021:22:07:10 +0000] "GET /api-docs/ HTTP/1.1" 304 - "-" "Mozilla/5.0 (Windows NT 10.0; Win64; x64) AppleWebKit/537.36 (KHTML, like Gecko) Chrome/90.0.4430.212 Safari/537.36"
::1 - - [16/May/2021:22:07:11 +0000] "GET /api-docs/swagger-ui.css HTTP/1.1" 304 - "http://localhost:3000/api-docs/" "Mozilla/5.0 (Windows NT 10.0; Win64; x64) AppleWebKit/537.36 (KHTML, like Gecko) Chrome/90.0.4430.212 Safari/537.36"
::1 - - [16/May/2021:22:07:11 +0000] "GET /api-docs/swagger-ui-bundle.js HTTP/1.1" 304 - "http://localhost:3000/api-docs/" "Mozilla/5.0 (Windows NT 10.0; Win64; x64) AppleWebKit/537.36 (KHTML, like Gecko) Chrome/90.0.4430.212 Safari/537.36"
::1 - - [16/May/2021:22:07:11 +0000] "GET /api-docs/swagger-ui-init.js HTTP/1.1" 304 - "http://localhost:3000/api-docs/" "Mozilla/5.0 (Windows NT 10.0; Win64; x64) AppleWebKit/537.36 (KHTML, like Gecko) Chrome/90.0.4430.212 Safari/537.36"
::1 - - [16/May/2021:22:07:11 +0000] "GET /api-docs/swagger-ui-standalone-preset.js HTTP/1.1" 304 - "http://localhost:3000/api-docs/" "Mozilla/5.0 (Windows NT 10.0; Win64; x64) AppleWebKit/537.36 (KHTML, like Gecko) Chrome/90.0.4430.212 Safari/537.36"
::1 - - [16/May/2021:22:07:11 +0000] "GET /api-docs/swagger-ui.css.map HTTP/1.1" 200 282424 "-" "Mozilla/5.0 (Windows NT 10.0; Win64; x64) AppleWebKit/537.36 (KHTML, like Gecko) Chrome/90.0.4430.212 Safari/537.36"
::1 - - [16/May/2021:22:07:11 +0000] "GET /api-docs/swagger-ui-bundle.js.map HTTP/1.1" 200 4798415 "-" "Mozilla/5.0 (Windows NT 10.0; Win64; x64) AppleWebKit/537.36 (KHTML, like Gecko) Chrome/90.0.4430.212 Safari/537.36"
::1 - - [16/May/2021:22:07:11 +0000] "GET /api-docs/swagger-ui-standalone-preset.js.map HTTP/1.1" 200 1529727 "-" "Mozilla/5.0 (Windows NT 10.0; Win64; x64) AppleWebKit/537.36 (KHTML, like Gecko) Chrome/90.0.4430.212 Safari/537.36"
::1 - - [16/May/2021:22:07:12 +0000] "GET /api-docs/favicon-32x32.png HTTP/1.1" 304 - "http://localhost:3000/api-docs/" "Mozilla/5.0 (Windows NT 10.0; Win64; x64) AppleWebKit/537.36 (KHTML, like Gecko) Chrome/90.0.4430.212 Safari/537.36"
::1 - - [16/May/2021:22:12:37 +0000] "GET /api-docs/ HTTP/1.1" 304 - "-" "Mozilla/5.0 (Windows NT 10.0; Win64; x64) AppleWebKit/537.36 (KHTML, like Gecko) Chrome/90.0.4430.212 Safari/537.36"
::1 - - [16/May/2021:22:12:37 +0000] "GET /api-docs/swagger-ui.css HTTP/1.1" 304 - "http://localhost:3000/api-docs/" "Mozilla/5.0 (Windows NT 10.0; Win64; x64) AppleWebKit/537.36 (KHTML, like Gecko) Chrome/90.0.4430.212 Safari/537.36"
::1 - - [16/May/2021:22:12:37 +0000] "GET /api-docs/swagger-ui-bundle.js HTTP/1.1" 304 - "http://localhost:3000/api-docs/" "Mozilla/5.0 (Windows NT 10.0; Win64; x64) AppleWebKit/537.36 (KHTML, like Gecko) Chrome/90.0.4430.212 Safari/537.36"
::1 - - [16/May/2021:22:12:37 +0000] "GET /api-docs/swagger-ui-init.js HTTP/1.1" 304 - "http://localhost:3000/api-docs/" "Mozilla/5.0 (Windows NT 10.0; Win64; x64) AppleWebKit/537.36 (KHTML, like Gecko) Chrome/90.0.4430.212 Safari/537.36"
::1 - - [16/May/2021:22:12:37 +0000] "GET /api-docs/swagger-ui-standalone-preset.js HTTP/1.1" 304 - "http://localhost:3000/api-docs/" "Mozilla/5.0 (Windows NT 10.0; Win64; x64) AppleWebKit/537.36 (KHTML, like Gecko) Chrome/90.0.4430.212 Safari/537.36"
::1 - - [16/May/2021:22:12:37 +0000] "GET /api-docs/swagger-ui.css.map HTTP/1.1" 200 282424 "-" "Mozilla/5.0 (Windows NT 10.0; Win64; x64) AppleWebKit/537.36 (KHTML, like Gecko) Chrome/90.0.4430.212 Safari/537.36"
::1 - - [16/May/2021:22:12:37 +0000] "GET /api-docs/swagger-ui-bundle.js.map HTTP/1.1" 200 4798415 "-" "Mozilla/5.0 (Windows NT 10.0; Win64; x64) AppleWebKit/537.36 (KHTML, like Gecko) Chrome/90.0.4430.212 Safari/537.36"
::1 - - [16/May/2021:22:12:38 +0000] "GET /api-docs/swagger-ui-standalone-preset.js.map HTTP/1.1" 200 1529727 "-" "Mozilla/5.0 (Windows NT 10.0; Win64; x64) AppleWebKit/537.36 (KHTML, like Gecko) Chrome/90.0.4430.212 Safari/537.36"
::1 - - [16/May/2021:22:12:38 +0000] "GET /api-docs/favicon-32x32.png HTTP/1.1" 304 - "http://localhost:3000/api-docs/" "Mozilla/5.0 (Windows NT 10.0; Win64; x64) AppleWebKit/537.36 (KHTML, like Gecko) Chrome/90.0.4430.212 Safari/537.36"
::1 - - [16/May/2021:22:17:41 +0000] "GET /api-docs/ HTTP/1.1" 304 - "-" "Mozilla/5.0 (Windows NT 10.0; Win64; x64) AppleWebKit/537.36 (KHTML, like Gecko) Chrome/90.0.4430.212 Safari/537.36"
::1 - - [16/May/2021:22:17:41 +0000] "GET /api-docs/swagger-ui.css HTTP/1.1" 304 - "http://localhost:3000/api-docs/" "Mozilla/5.0 (Windows NT 10.0; Win64; x64) AppleWebKit/537.36 (KHTML, like Gecko) Chrome/90.0.4430.212 Safari/537.36"
::1 - - [16/May/2021:22:17:41 +0000] "GET /api-docs/swagger-ui-bundle.js HTTP/1.1" 304 - "http://localhost:3000/api-docs/" "Mozilla/5.0 (Windows NT 10.0; Win64; x64) AppleWebKit/537.36 (KHTML, like Gecko) Chrome/90.0.4430.212 Safari/537.36"
::1 - - [16/May/2021:22:17:41 +0000] "GET /api-docs/swagger-ui-init.js HTTP/1.1" 304 - "http://localhost:3000/api-docs/" "Mozilla/5.0 (Windows NT 10.0; Win64; x64) AppleWebKit/537.36 (KHTML, like Gecko) Chrome/90.0.4430.212 Safari/537.36"
::1 - - [16/May/2021:22:17:41 +0000] "GET /api-docs/swagger-ui-standalone-preset.js HTTP/1.1" 304 - "http://localhost:3000/api-docs/" "Mozilla/5.0 (Windows NT 10.0; Win64; x64) AppleWebKit/537.36 (KHTML, like Gecko) Chrome/90.0.4430.212 Safari/537.36"
::1 - - [16/May/2021:22:17:41 +0000] "GET /api-docs/swagger-ui.css.map HTTP/1.1" 200 282424 "-" "Mozilla/5.0 (Windows NT 10.0; Win64; x64) AppleWebKit/537.36 (KHTML, like Gecko) Chrome/90.0.4430.212 Safari/537.36"
::1 - - [16/May/2021:22:17:41 +0000] "GET /api-docs/swagger-ui-bundle.js.map HTTP/1.1" 200 4798415 "-" "Mozilla/5.0 (Windows NT 10.0; Win64; x64) AppleWebKit/537.36 (KHTML, like Gecko) Chrome/90.0.4430.212 Safari/537.36"
::1 - - [16/May/2021:22:17:41 +0000] "GET /api-docs/swagger-ui-standalone-preset.js.map HTTP/1.1" 200 1529727 "-" "Mozilla/5.0 (Windows NT 10.0; Win64; x64) AppleWebKit/537.36 (KHTML, like Gecko) Chrome/90.0.4430.212 Safari/537.36"
::1 - - [16/May/2021:22:17:42 +0000] "GET /api-docs/favicon-32x32.png HTTP/1.1" 304 - "http://localhost:3000/api-docs/" "Mozilla/5.0 (Windows NT 10.0; Win64; x64) AppleWebKit/537.36 (KHTML, like Gecko) Chrome/90.0.4430.212 Safari/537.36"
::1 - - [16/May/2021:22:22:13 +0000] "GET /api-docs/ HTTP/1.1" 304 - "-" "Mozilla/5.0 (Windows NT 10.0; Win64; x64) AppleWebKit/537.36 (KHTML, like Gecko) Chrome/90.0.4430.212 Safari/537.36"
::1 - - [16/May/2021:22:22:13 +0000] "GET /api-docs/swagger-ui-init.js HTTP/1.1" 304 - "http://localhost:3000/api-docs/" "Mozilla/5.0 (Windows NT 10.0; Win64; x64) AppleWebKit/537.36 (KHTML, like Gecko) Chrome/90.0.4430.212 Safari/537.36"
::1 - - [16/May/2021:22:22:13 +0000] "GET /api-docs/swagger-ui.css HTTP/1.1" 304 - "http://localhost:3000/api-docs/" "Mozilla/5.0 (Windows NT 10.0; Win64; x64) AppleWebKit/537.36 (KHTML, like Gecko) Chrome/90.0.4430.212 Safari/537.36"
::1 - - [16/May/2021:22:22:13 +0000] "GET /api-docs/swagger-ui-bundle.js HTTP/1.1" 304 - "http://localhost:3000/api-docs/" "Mozilla/5.0 (Windows NT 10.0; Win64; x64) AppleWebKit/537.36 (KHTML, like Gecko) Chrome/90.0.4430.212 Safari/537.36"
::1 - - [16/May/2021:22:22:13 +0000] "GET /api-docs/swagger-ui-standalone-preset.js HTTP/1.1" 304 - "http://localhost:3000/api-docs/" "Mozilla/5.0 (Windows NT 10.0; Win64; x64) AppleWebKit/537.36 (KHTML, like Gecko) Chrome/90.0.4430.212 Safari/537.36"
::1 - - [16/May/2021:22:22:13 +0000] "GET /api-docs/swagger-ui.css.map HTTP/1.1" 200 282424 "-" "Mozilla/5.0 (Windows NT 10.0; Win64; x64) AppleWebKit/537.36 (KHTML, like Gecko) Chrome/90.0.4430.212 Safari/537.36"
::1 - - [16/May/2021:22:22:14 +0000] "GET /api-docs/swagger-ui-standalone-preset.js.map HTTP/1.1" 200 1529727 "-" "Mozilla/5.0 (Windows NT 10.0; Win64; x64) AppleWebKit/537.36 (KHTML, like Gecko) Chrome/90.0.4430.212 Safari/537.36"
::1 - - [16/May/2021:22:22:14 +0000] "GET /api-docs/swagger-ui-bundle.js.map HTTP/1.1" 200 4798415 "-" "Mozilla/5.0 (Windows NT 10.0; Win64; x64) AppleWebKit/537.36 (KHTML, like Gecko) Chrome/90.0.4430.212 Safari/537.36"
::1 - - [16/May/2021:22:22:14 +0000] "GET /api-docs/favicon-32x32.png HTTP/1.1" 304 - "http://localhost:3000/api-docs/" "Mozilla/5.0 (Windows NT 10.0; Win64; x64) AppleWebKit/537.36 (KHTML, like Gecko) Chrome/90.0.4430.212 Safari/537.36"
::1 - - [16/May/2021:22:22:19 +0000] "GET /api/users HTTP/1.1" 404 148 "http://localhost:3000/api-docs/" "Mozilla/5.0 (Windows NT 10.0; Win64; x64) AppleWebKit/537.36 (KHTML, like Gecko) Chrome/90.0.4430.212 Safari/537.36"
::ffff:127.0.0.1 - - [16/May/2021:22:23:54 +0000] "GET /api-docs/ HTTP/1.1" 304 - "-" "Mozilla/5.0 (Windows NT 10.0; Win64; x64) AppleWebKit/537.36 (KHTML, like Gecko) Chrome/90.0.4430.212 Safari/537.36"
::ffff:127.0.0.1 - - [16/May/2021:22:23:54 +0000] "GET /api-docs/swagger-ui.css HTTP/1.1" 304 - "http://localhost:3000/api-docs/" "Mozilla/5.0 (Windows NT 10.0; Win64; x64) AppleWebKit/537.36 (KHTML, like Gecko) Chrome/90.0.4430.212 Safari/537.36"
::ffff:127.0.0.1 - - [16/May/2021:22:23:54 +0000] "GET /api-docs/swagger-ui-init.js HTTP/1.1" 304 - "http://localhost:3000/api-docs/" "Mozilla/5.0 (Windows NT 10.0; Win64; x64) AppleWebKit/537.36 (KHTML, like Gecko) Chrome/90.0.4430.212 Safari/537.36"
::ffff:127.0.0.1 - - [16/May/2021:22:23:54 +0000] "GET /api-docs/swagger-ui-bundle.js HTTP/1.1" 304 - "http://localhost:3000/api-docs/" "Mozilla/5.0 (Windows NT 10.0; Win64; x64) AppleWebKit/537.36 (KHTML, like Gecko) Chrome/90.0.4430.212 Safari/537.36"
::ffff:127.0.0.1 - - [16/May/2021:22:23:54 +0000] "GET /api-docs/swagger-ui-standalone-preset.js HTTP/1.1" 304 - "http://localhost:3000/api-docs/" "Mozilla/5.0 (Windows NT 10.0; Win64; x64) AppleWebKit/537.36 (KHTML, like Gecko) Chrome/90.0.4430.212 Safari/537.36"
::ffff:127.0.0.1 - - [16/May/2021:22:23:54 +0000] "GET /api-docs/swagger-ui.css.map HTTP/1.1" 200 282424 "-" "Mozilla/5.0 (Windows NT 10.0; Win64; x64) AppleWebKit/537.36 (KHTML, like Gecko) Chrome/90.0.4430.212 Safari/537.36"
::ffff:127.0.0.1 - - [16/May/2021:22:23:55 +0000] "GET /api-docs/swagger-ui-standalone-preset.js.map HTTP/1.1" 200 1529727 "-" "Mozilla/5.0 (Windows NT 10.0; Win64; x64) AppleWebKit/537.36 (KHTML, like Gecko) Chrome/90.0.4430.212 Safari/537.36"
::ffff:127.0.0.1 - - [16/May/2021:22:23:55 +0000] "GET /api-docs/swagger-ui-bundle.js.map HTTP/1.1" 200 4798415 "-" "Mozilla/5.0 (Windows NT 10.0; Win64; x64) AppleWebKit/537.36 (KHTML, like Gecko) Chrome/90.0.4430.212 Safari/537.36"
::ffff:127.0.0.1 - - [16/May/2021:22:23:55 +0000] "GET /api-docs/favicon-32x32.png HTTP/1.1" 304 - "http://localhost:3000/api-docs/" "Mozilla/5.0 (Windows NT 10.0; Win64; x64) AppleWebKit/537.36 (KHTML, like Gecko) Chrome/90.0.4430.212 Safari/537.36"
::1 - - [16/May/2021:22:24:30 +0000] "GET /api/users HTTP/1.1" 404 148 "http://localhost:3000/api-docs/" "Mozilla/5.0 (Windows NT 10.0; Win64; x64) AppleWebKit/537.36 (KHTML, like Gecko) Chrome/90.0.4430.212 Safari/537.36"
::1 - - [16/May/2021:22:25:41 +0000] "GET /api/users HTTP/1.1" 404 148 "http://localhost:3000/api-docs/" "Mozilla/5.0 (Windows NT 10.0; Win64; x64) AppleWebKit/537.36 (KHTML, like Gecko) Chrome/90.0.4430.212 Safari/537.36"
::1 - - [16/May/2021:22:27:34 +0000] "POST /api/addNewData HTTP/1.1" 404 154 "http://localhost:3000/api-docs/" "Mozilla/5.0 (Windows NT 10.0; Win64; x64) AppleWebKit/537.36 (KHTML, like Gecko) Chrome/90.0.4430.212 Safari/537.36"
::1 - - [16/May/2021:22:47:22 +0000] "GET /api-docs/ HTTP/1.1" 304 - "-" "Mozilla/5.0 (Windows NT 10.0; Win64; x64) AppleWebKit/537.36 (KHTML, like Gecko) Chrome/90.0.4430.212 Safari/537.36"
::1 - - [16/May/2021:22:47:22 +0000] "GET /api-docs/swagger-ui.css HTTP/1.1" 304 - "http://localhost:3000/api-docs/" "Mozilla/5.0 (Windows NT 10.0; Win64; x64) AppleWebKit/537.36 (KHTML, like Gecko) Chrome/90.0.4430.212 Safari/537.36"
::1 - - [16/May/2021:22:47:22 +0000] "GET /api-docs/swagger-ui-init.js HTTP/1.1" 304 - "http://localhost:3000/api-docs/" "Mozilla/5.0 (Windows NT 10.0; Win64; x64) AppleWebKit/537.36 (KHTML, like Gecko) Chrome/90.0.4430.212 Safari/537.36"
::1 - - [16/May/2021:22:47:22 +0000] "GET /api-docs/swagger-ui-bundle.js HTTP/1.1" 304 - "http://localhost:3000/api-docs/" "Mozilla/5.0 (Windows NT 10.0; Win64; x64) AppleWebKit/537.36 (KHTML, like Gecko) Chrome/90.0.4430.212 Safari/537.36"
::1 - - [16/May/2021:22:47:22 +0000] "GET /api-docs/swagger-ui-standalone-preset.js HTTP/1.1" 304 - "http://localhost:3000/api-docs/" "Mozilla/5.0 (Windows NT 10.0; Win64; x64) AppleWebKit/537.36 (KHTML, like Gecko) Chrome/90.0.4430.212 Safari/537.36"
::1 - - [16/May/2021:22:47:23 +0000] "GET /api-docs/swagger-ui.css.map HTTP/1.1" 200 282424 "-" "Mozilla/5.0 (Windows NT 10.0; Win64; x64) AppleWebKit/537.36 (KHTML, like Gecko) Chrome/90.0.4430.212 Safari/537.36"
::1 - - [16/May/2021:22:47:23 +0000] "GET /api-docs/swagger-ui-bundle.js.map HTTP/1.1" 200 4798415 "-" "Mozilla/5.0 (Windows NT 10.0; Win64; x64) AppleWebKit/537.36 (KHTML, like Gecko) Chrome/90.0.4430.212 Safari/537.36"
::1 - - [16/May/2021:22:47:23 +0000] "GET /api-docs/swagger-ui-standalone-preset.js.map HTTP/1.1" 200 1529727 "-" "Mozilla/5.0 (Windows NT 10.0; Win64; x64) AppleWebKit/537.36 (KHTML, like Gecko) Chrome/90.0.4430.212 Safari/537.36"
::1 - - [16/May/2021:22:47:24 +0000] "GET /api-docs/favicon-32x32.png HTTP/1.1" 304 - "http://localhost:3000/api-docs/" "Mozilla/5.0 (Windows NT 10.0; Win64; x64) AppleWebKit/537.36 (KHTML, like Gecko) Chrome/90.0.4430.212 Safari/537.36"
::1 - - [17/May/2021:01:04:22 +0000] "GET /api-docs/ HTTP/1.1" 304 - "-" "Mozilla/5.0 (Windows NT 10.0; Win64; x64) AppleWebKit/537.36 (KHTML, like Gecko) Chrome/90.0.4430.212 Safari/537.36"
::1 - - [17/May/2021:01:04:22 +0000] "GET /api-docs/swagger-ui.css HTTP/1.1" 304 - "http://localhost:3000/api-docs/" "Mozilla/5.0 (Windows NT 10.0; Win64; x64) AppleWebKit/537.36 (KHTML, like Gecko) Chrome/90.0.4430.212 Safari/537.36"
::1 - - [17/May/2021:01:04:22 +0000] "GET /api-docs/swagger-ui-bundle.js HTTP/1.1" 304 - "http://localhost:3000/api-docs/" "Mozilla/5.0 (Windows NT 10.0; Win64; x64) AppleWebKit/537.36 (KHTML, like Gecko) Chrome/90.0.4430.212 Safari/537.36"
::1 - - [17/May/2021:01:04:22 +0000] "GET /api-docs/swagger-ui-init.js HTTP/1.1" 304 - "http://localhost:3000/api-docs/" "Mozilla/5.0 (Windows NT 10.0; Win64; x64) AppleWebKit/537.36 (KHTML, like Gecko) Chrome/90.0.4430.212 Safari/537.36"
::1 - - [17/May/2021:01:04:22 +0000] "GET /api-docs/swagger-ui-standalone-preset.js HTTP/1.1" 304 - "http://localhost:3000/api-docs/" "Mozilla/5.0 (Windows NT 10.0; Win64; x64) AppleWebKit/537.36 (KHTML, like Gecko) Chrome/90.0.4430.212 Safari/537.36"
::1 - - [17/May/2021:01:04:23 +0000] "GET /api-docs/swagger-ui.css.map HTTP/1.1" 200 282424 "-" "Mozilla/5.0 (Windows NT 10.0; Win64; x64) AppleWebKit/537.36 (KHTML, like Gecko) Chrome/90.0.4430.212 Safari/537.36"
::1 - - [17/May/2021:01:04:23 +0000] "GET /api-docs/swagger-ui-standalone-preset.js.map HTTP/1.1" 200 1529727 "-" "Mozilla/5.0 (Windows NT 10.0; Win64; x64) AppleWebKit/537.36 (KHTML, like Gecko) Chrome/90.0.4430.212 Safari/537.36"
::1 - - [17/May/2021:01:04:23 +0000] "GET /api-docs/swagger-ui-bundle.js.map HTTP/1.1" 200 4798415 "-" "Mozilla/5.0 (Windows NT 10.0; Win64; x64) AppleWebKit/537.36 (KHTML, like Gecko) Chrome/90.0.4430.212 Safari/537.36"
::1 - - [17/May/2021:01:04:24 +0000] "GET /api-docs/favicon-32x32.png HTTP/1.1" 304 - "http://localhost:3000/api-docs/" "Mozilla/5.0 (Windows NT 10.0; Win64; x64) AppleWebKit/537.36 (KHTML, like Gecko) Chrome/90.0.4430.212 Safari/537.36"
::1 - - [17/May/2021:01:06:01 +0000] "GET /api-docs/ HTTP/1.1" 304 - "-" "Mozilla/5.0 (Windows NT 10.0; Win64; x64) AppleWebKit/537.36 (KHTML, like Gecko) Chrome/90.0.4430.212 Safari/537.36"
::1 - - [17/May/2021:01:06:01 +0000] "GET /api-docs/swagger-ui-init.js HTTP/1.1" 304 - "http://localhost:3000/api-docs/" "Mozilla/5.0 (Windows NT 10.0; Win64; x64) AppleWebKit/537.36 (KHTML, like Gecko) Chrome/90.0.4430.212 Safari/537.36"
::1 - - [17/May/2021:01:06:01 +0000] "GET /api-docs/swagger-ui.css HTTP/1.1" 304 - "http://localhost:3000/api-docs/" "Mozilla/5.0 (Windows NT 10.0; Win64; x64) AppleWebKit/537.36 (KHTML, like Gecko) Chrome/90.0.4430.212 Safari/537.36"
::1 - - [17/May/2021:01:06:01 +0000] "GET /api-docs/swagger-ui-bundle.js HTTP/1.1" 304 - "http://localhost:3000/api-docs/" "Mozilla/5.0 (Windows NT 10.0; Win64; x64) AppleWebKit/537.36 (KHTML, like Gecko) Chrome/90.0.4430.212 Safari/537.36"
::1 - - [17/May/2021:01:06:01 +0000] "GET /api-docs/swagger-ui-standalone-preset.js HTTP/1.1" 304 - "http://localhost:3000/api-docs/" "Mozilla/5.0 (Windows NT 10.0; Win64; x64) AppleWebKit/537.36 (KHTML, like Gecko) Chrome/90.0.4430.212 Safari/537.36"
::1 - - [17/May/2021:01:06:02 +0000] "GET /api-docs/swagger-ui.css.map HTTP/1.1" 200 282424 "-" "Mozilla/5.0 (Windows NT 10.0; Win64; x64) AppleWebKit/537.36 (KHTML, like Gecko) Chrome/90.0.4430.212 Safari/537.36"
::1 - - [17/May/2021:01:06:02 +0000] "GET /api-docs/swagger-ui-standalone-preset.js.map HTTP/1.1" 200 1529727 "-" "Mozilla/5.0 (Windows NT 10.0; Win64; x64) AppleWebKit/537.36 (KHTML, like Gecko) Chrome/90.0.4430.212 Safari/537.36"
::1 - - [17/May/2021:01:06:03 +0000] "GET /api-docs/swagger-ui-bundle.js.map HTTP/1.1" 200 4798415 "-" "Mozilla/5.0 (Windows NT 10.0; Win64; x64) AppleWebKit/537.36 (KHTML, like Gecko) Chrome/90.0.4430.212 Safari/537.36"
::1 - - [17/May/2021:01:06:03 +0000] "GET /api-docs/favicon-32x32.png HTTP/1.1" 304 - "http://localhost:3000/api-docs/" "Mozilla/5.0 (Windows NT 10.0; Win64; x64) AppleWebKit/537.36 (KHTML, like Gecko) Chrome/90.0.4430.212 Safari/537.36"
::1 - - [17/May/2021:01:12:29 +0000] "GET /api-docs/ HTTP/1.1" 304 - "-" "Mozilla/5.0 (Windows NT 10.0; Win64; x64) AppleWebKit/537.36 (KHTML, like Gecko) Chrome/90.0.4430.212 Safari/537.36"
::1 - - [17/May/2021:01:12:29 +0000] "GET /api-docs/swagger-ui.css HTTP/1.1" 304 - "http://localhost:3000/api-docs/" "Mozilla/5.0 (Windows NT 10.0; Win64; x64) AppleWebKit/537.36 (KHTML, like Gecko) Chrome/90.0.4430.212 Safari/537.36"
::1 - - [17/May/2021:01:12:29 +0000] "GET /api-docs/swagger-ui-bundle.js HTTP/1.1" 304 - "http://localhost:3000/api-docs/" "Mozilla/5.0 (Windows NT 10.0; Win64; x64) AppleWebKit/537.36 (KHTML, like Gecko) Chrome/90.0.4430.212 Safari/537.36"
::1 - - [17/May/2021:01:12:29 +0000] "GET /api-docs/swagger-ui-init.js HTTP/1.1" 304 - "http://localhost:3000/api-docs/" "Mozilla/5.0 (Windows NT 10.0; Win64; x64) AppleWebKit/537.36 (KHTML, like Gecko) Chrome/90.0.4430.212 Safari/537.36"
::1 - - [17/May/2021:01:12:29 +0000] "GET /api-docs/swagger-ui-standalone-preset.js HTTP/1.1" 304 - "http://localhost:3000/api-docs/" "Mozilla/5.0 (Windows NT 10.0; Win64; x64) AppleWebKit/537.36 (KHTML, like Gecko) Chrome/90.0.4430.212 Safari/537.36"
::1 - - [17/May/2021:01:12:29 +0000] "GET /api-docs/swagger-ui.css.map HTTP/1.1" 200 282424 "-" "Mozilla/5.0 (Windows NT 10.0; Win64; x64) AppleWebKit/537.36 (KHTML, like Gecko) Chrome/90.0.4430.212 Safari/537.36"
::1 - - [17/May/2021:01:12:29 +0000] "GET /api-docs/swagger-ui-bundle.js.map HTTP/1.1" 200 4798415 "-" "Mozilla/5.0 (Windows NT 10.0; Win64; x64) AppleWebKit/537.36 (KHTML, like Gecko) Chrome/90.0.4430.212 Safari/537.36"
::1 - - [17/May/2021:01:12:29 +0000] "GET /api-docs/swagger-ui-standalone-preset.js.map HTTP/1.1" 200 1529727 "-" "Mozilla/5.0 (Windows NT 10.0; Win64; x64) AppleWebKit/537.36 (KHTML, like Gecko) Chrome/90.0.4430.212 Safari/537.36"
::1 - - [17/May/2021:01:12:30 +0000] "GET /api-docs/favicon-32x32.png HTTP/1.1" 304 - "http://localhost:3000/api-docs/" "Mozilla/5.0 (Windows NT 10.0; Win64; x64) AppleWebKit/537.36 (KHTML, like Gecko) Chrome/90.0.4430.212 Safari/537.36"
::1 - - [17/May/2021:01:14:37 +0000] "GET /api-docs/ HTTP/1.1" 304 - "-" "Mozilla/5.0 (Windows NT 10.0; Win64; x64) AppleWebKit/537.36 (KHTML, like Gecko) Chrome/90.0.4430.212 Safari/537.36"
::1 - - [17/May/2021:01:14:37 +0000] "GET /api-docs/swagger-ui.css HTTP/1.1" 304 - "http://localhost:3000/api-docs/" "Mozilla/5.0 (Windows NT 10.0; Win64; x64) AppleWebKit/537.36 (KHTML, like Gecko) Chrome/90.0.4430.212 Safari/537.36"
::1 - - [17/May/2021:01:14:37 +0000] "GET /api-docs/swagger-ui-bundle.js HTTP/1.1" 304 - "http://localhost:3000/api-docs/" "Mozilla/5.0 (Windows NT 10.0; Win64; x64) AppleWebKit/537.36 (KHTML, like Gecko) Chrome/90.0.4430.212 Safari/537.36"
::1 - - [17/May/2021:01:14:37 +0000] "GET /api-docs/swagger-ui-init.js HTTP/1.1" 304 - "http://localhost:3000/api-docs/" "Mozilla/5.0 (Windows NT 10.0; Win64; x64) AppleWebKit/537.36 (KHTML, like Gecko) Chrome/90.0.4430.212 Safari/537.36"
::1 - - [17/May/2021:01:14:37 +0000] "GET /api-docs/swagger-ui-standalone-preset.js HTTP/1.1" 304 - "http://localhost:3000/api-docs/" "Mozilla/5.0 (Windows NT 10.0; Win64; x64) AppleWebKit/537.36 (KHTML, like Gecko) Chrome/90.0.4430.212 Safari/537.36"
::1 - - [17/May/2021:01:14:37 +0000] "GET /api-docs/swagger-ui.css.map HTTP/1.1" 200 282424 "-" "Mozilla/5.0 (Windows NT 10.0; Win64; x64) AppleWebKit/537.36 (KHTML, like Gecko) Chrome/90.0.4430.212 Safari/537.36"
::1 - - [17/May/2021:01:14:38 +0000] "GET /api-docs/swagger-ui-standalone-preset.js.map HTTP/1.1" 200 1529727 "-" "Mozilla/5.0 (Windows NT 10.0; Win64; x64) AppleWebKit/537.36 (KHTML, like Gecko) Chrome/90.0.4430.212 Safari/537.36"
::1 - - [17/May/2021:01:14:38 +0000] "GET /api-docs/swagger-ui-bundle.js.map HTTP/1.1" 200 4798415 "-" "Mozilla/5.0 (Windows NT 10.0; Win64; x64) AppleWebKit/537.36 (KHTML, like Gecko) Chrome/90.0.4430.212 Safari/537.36"
::1 - - [17/May/2021:01:14:38 +0000] "GET /api-docs/favicon-32x32.png HTTP/1.1" 304 - "http://localhost:3000/api-docs/" "Mozilla/5.0 (Windows NT 10.0; Win64; x64) AppleWebKit/537.36 (KHTML, like Gecko) Chrome/90.0.4430.212 Safari/537.36"
::1 - - [17/May/2021:01:18:49 +0000] "GET /api/users HTTP/1.1" 404 148 "http://localhost:3000/api-docs/" "Mozilla/5.0 (Windows NT 10.0; Win64; x64) AppleWebKit/537.36 (KHTML, like Gecko) Chrome/90.0.4430.212 Safari/537.36"
::1 - - [17/May/2021:01:21:22 +0000] "GET /api/users HTTP/1.1" 404 148 "http://localhost:3000/api-docs/" "Mozilla/5.0 (Windows NT 10.0; Win64; x64) AppleWebKit/537.36 (KHTML, like Gecko) Chrome/90.0.4430.212 Safari/537.36"
::1 - - [17/May/2021:01:27:29 +0000] "GET /api-docs/ HTTP/1.1" 304 - "-" "Mozilla/5.0 (Windows NT 10.0; Win64; x64) AppleWebKit/537.36 (KHTML, like Gecko) Chrome/90.0.4430.212 Safari/537.36"
::1 - - [17/May/2021:01:27:29 +0000] "GET /api-docs/swagger-ui-init.js HTTP/1.1" 304 - "http://localhost:3000/api-docs/" "Mozilla/5.0 (Windows NT 10.0; Win64; x64) AppleWebKit/537.36 (KHTML, like Gecko) Chrome/90.0.4430.212 Safari/537.36"
::1 - - [17/May/2021:01:27:29 +0000] "GET /api-docs/swagger-ui.css HTTP/1.1" 304 - "http://localhost:3000/api-docs/" "Mozilla/5.0 (Windows NT 10.0; Win64; x64) AppleWebKit/537.36 (KHTML, like Gecko) Chrome/90.0.4430.212 Safari/537.36"
::ffff:127.0.0.1 - - [17/May/2021:01:27:29 +0000] "GET /api-docs/swagger-ui-bundle.js HTTP/1.1" 304 - "http://localhost:3000/api-docs/" "Mozilla/5.0 (Windows NT 10.0; Win64; x64) AppleWebKit/537.36 (KHTML, like Gecko) Chrome/90.0.4430.212 Safari/537.36"
::ffff:127.0.0.1 - - [17/May/2021:01:27:29 +0000] "GET /api-docs/swagger-ui-standalone-preset.js HTTP/1.1" 304 - "http://localhost:3000/api-docs/" "Mozilla/5.0 (Windows NT 10.0; Win64; x64) AppleWebKit/537.36 (KHTML, like Gecko) Chrome/90.0.4430.212 Safari/537.36"
::ffff:127.0.0.1 - - [17/May/2021:01:27:30 +0000] "GET /api-docs/swagger-ui.css.map HTTP/1.1" 200 282424 "-" "Mozilla/5.0 (Windows NT 10.0; Win64; x64) AppleWebKit/537.36 (KHTML, like Gecko) Chrome/90.0.4430.212 Safari/537.36"
::ffff:127.0.0.1 - - [17/May/2021:01:27:30 +0000] "GET /api-docs/swagger-ui-standalone-preset.js.map HTTP/1.1" 200 1529727 "-" "Mozilla/5.0 (Windows NT 10.0; Win64; x64) AppleWebKit/537.36 (KHTML, like Gecko) Chrome/90.0.4430.212 Safari/537.36"
::ffff:127.0.0.1 - - [17/May/2021:01:27:30 +0000] "GET /api-docs/swagger-ui-bundle.js.map HTTP/1.1" 200 4798415 "-" "Mozilla/5.0 (Windows NT 10.0; Win64; x64) AppleWebKit/537.36 (KHTML, like Gecko) Chrome/90.0.4430.212 Safari/537.36"
::ffff:127.0.0.1 - - [17/May/2021:01:27:31 +0000] "GET /api-docs/favicon-32x32.png HTTP/1.1" 304 - "http://localhost:3000/api-docs/" "Mozilla/5.0 (Windows NT 10.0; Win64; x64) AppleWebKit/537.36 (KHTML, like Gecko) Chrome/90.0.4430.212 Safari/537.36"
::1 - - [17/May/2021:01:34:57 +0000] "GET /api-docs/ HTTP/1.1" 304 - "-" "Mozilla/5.0 (Windows NT 10.0; Win64; x64) AppleWebKit/537.36 (KHTML, like Gecko) Chrome/90.0.4430.212 Safari/537.36"
::1 - - [17/May/2021:01:34:57 +0000] "GET /api-docs/swagger-ui.css HTTP/1.1" 304 - "http://localhost:3000/api-docs/" "Mozilla/5.0 (Windows NT 10.0; Win64; x64) AppleWebKit/537.36 (KHTML, like Gecko) Chrome/90.0.4430.212 Safari/537.36"
::1 - - [17/May/2021:01:34:57 +0000] "GET /api-docs/swagger-ui-init.js HTTP/1.1" 304 - "http://localhost:3000/api-docs/" "Mozilla/5.0 (Windows NT 10.0; Win64; x64) AppleWebKit/537.36 (KHTML, like Gecko) Chrome/90.0.4430.212 Safari/537.36"
::1 - - [17/May/2021:01:34:57 +0000] "GET /api-docs/swagger-ui-bundle.js HTTP/1.1" 304 - "http://localhost:3000/api-docs/" "Mozilla/5.0 (Windows NT 10.0; Win64; x64) AppleWebKit/537.36 (KHTML, like Gecko) Chrome/90.0.4430.212 Safari/537.36"
::1 - - [17/May/2021:01:34:57 +0000] "GET /api-docs/swagger-ui-standalone-preset.js HTTP/1.1" 304 - "http://localhost:3000/api-docs/" "Mozilla/5.0 (Windows NT 10.0; Win64; x64) AppleWebKit/537.36 (KHTML, like Gecko) Chrome/90.0.4430.212 Safari/537.36"
::1 - - [17/May/2021:01:34:57 +0000] "GET /api-docs/swagger-ui.css.map HTTP/1.1" 200 282424 "-" "Mozilla/5.0 (Windows NT 10.0; Win64; x64) AppleWebKit/537.36 (KHTML, like Gecko) Chrome/90.0.4430.212 Safari/537.36"
::1 - - [17/May/2021:01:34:58 +0000] "GET /api-docs/swagger-ui-standalone-preset.js.map HTTP/1.1" 200 1529727 "-" "Mozilla/5.0 (Windows NT 10.0; Win64; x64) AppleWebKit/537.36 (KHTML, like Gecko) Chrome/90.0.4430.212 Safari/537.36"
::1 - - [17/May/2021:01:34:58 +0000] "GET /api-docs/swagger-ui-bundle.js.map HTTP/1.1" 200 4798415 "-" "Mozilla/5.0 (Windows NT 10.0; Win64; x64) AppleWebKit/537.36 (KHTML, like Gecko) Chrome/90.0.4430.212 Safari/537.36"
::1 - - [17/May/2021:01:34:58 +0000] "GET /api-docs/favicon-32x32.png HTTP/1.1" 304 - "http://localhost:3000/api-docs/" "Mozilla/5.0 (Windows NT 10.0; Win64; x64) AppleWebKit/537.36 (KHTML, like Gecko) Chrome/90.0.4430.212 Safari/537.36"
::1 - - [17/May/2021:01:57:46 +0000] "GET /api-docs/ HTTP/1.1" 304 - "-" "Mozilla/5.0 (Windows NT 10.0; Win64; x64) AppleWebKit/537.36 (KHTML, like Gecko) Chrome/90.0.4430.212 Safari/537.36"
::1 - - [17/May/2021:01:57:46 +0000] "GET /api-docs/swagger-ui.css HTTP/1.1" 304 - "http://localhost:3000/api-docs/" "Mozilla/5.0 (Windows NT 10.0; Win64; x64) AppleWebKit/537.36 (KHTML, like Gecko) Chrome/90.0.4430.212 Safari/537.36"
::1 - - [17/May/2021:01:57:46 +0000] "GET /api-docs/swagger-ui-bundle.js HTTP/1.1" 304 - "http://localhost:3000/api-docs/" "Mozilla/5.0 (Windows NT 10.0; Win64; x64) AppleWebKit/537.36 (KHTML, like Gecko) Chrome/90.0.4430.212 Safari/537.36"
::1 - - [17/May/2021:01:57:46 +0000] "GET /api-docs/swagger-ui-standalone-preset.js HTTP/1.1" 304 - "http://localhost:3000/api-docs/" "Mozilla/5.0 (Windows NT 10.0; Win64; x64) AppleWebKit/537.36 (KHTML, like Gecko) Chrome/90.0.4430.212 Safari/537.36"
::1 - - [17/May/2021:01:57:46 +0000] "GET /api-docs/swagger-ui-init.js HTTP/1.1" 304 - "http://localhost:3000/api-docs/" "Mozilla/5.0 (Windows NT 10.0; Win64; x64) AppleWebKit/537.36 (KHTML, like Gecko) Chrome/90.0.4430.212 Safari/537.36"
::1 - - [17/May/2021:02:01:46 +0000] "GET /api-docs/ HTTP/1.1" 304 - "-" "Mozilla/5.0 (Windows NT 10.0; Win64; x64) AppleWebKit/537.36 (KHTML, like Gecko) Chrome/90.0.4430.212 Safari/537.36"
::1 - - [17/May/2021:02:01:47 +0000] "GET /api-docs/swagger-ui-init.js HTTP/1.1" 304 - "http://localhost:3000/api-docs/" "Mozilla/5.0 (Windows NT 10.0; Win64; x64) AppleWebKit/537.36 (KHTML, like Gecko) Chrome/90.0.4430.212 Safari/537.36"
::1 - - [17/May/2021:02:01:47 +0000] "GET /api-docs/swagger-ui.css HTTP/1.1" 304 - "http://localhost:3000/api-docs/" "Mozilla/5.0 (Windows NT 10.0; Win64; x64) AppleWebKit/537.36 (KHTML, like Gecko) Chrome/90.0.4430.212 Safari/537.36"
::1 - - [17/May/2021:02:01:47 +0000] "GET /api-docs/swagger-ui-bundle.js HTTP/1.1" 304 - "http://localhost:3000/api-docs/" "Mozilla/5.0 (Windows NT 10.0; Win64; x64) AppleWebKit/537.36 (KHTML, like Gecko) Chrome/90.0.4430.212 Safari/537.36"
::1 - - [17/May/2021:02:01:47 +0000] "GET /api-docs/swagger-ui-standalone-preset.js HTTP/1.1" 304 - "http://localhost:3000/api-docs/" "Mozilla/5.0 (Windows NT 10.0; Win64; x64) AppleWebKit/537.36 (KHTML, like Gecko) Chrome/90.0.4430.212 Safari/537.36"
::1 - - [17/May/2021:02:01:48 +0000] "GET /api-docs/favicon-32x32.png HTTP/1.1" 304 - "http://localhost:3000/api-docs/" "Mozilla/5.0 (Windows NT 10.0; Win64; x64) AppleWebKit/537.36 (KHTML, like Gecko) Chrome/90.0.4430.212 Safari/537.36"
::1 - - [17/May/2021:02:01:52 +0000] "GET /api/users HTTP/1.1" 200 9 "http://localhost:3000/api-docs/" "Mozilla/5.0 (Windows NT 10.0; Win64; x64) AppleWebKit/537.36 (KHTML, like Gecko) Chrome/90.0.4430.212 Safari/537.36"
::1 - - [17/May/2021:02:03:03 +0000] "GET /api/users HTTP/1.1" 200 2 "http://localhost:3000/api-docs/" "Mozilla/5.0 (Windows NT 10.0; Win64; x64) AppleWebKit/537.36 (KHTML, like Gecko) Chrome/90.0.4430.212 Safari/537.36"
